[debug] [2025-05-13T22:14:14.351Z] ----------------------------------------------------------------------
[debug] [2025-05-13T22:14:14.353Z] Command:       C:\Program Files\nodejs\node.exe C:\Users\Andres\AppData\Roaming\npm\node_modules\firebase-tools\lib\bin\firebase.js init functions
[debug] [2025-05-13T22:14:14.353Z] CLI Version:   14.3.1
[debug] [2025-05-13T22:14:14.353Z] Platform:      win32
[debug] [2025-05-13T22:14:14.353Z] Node Version:  v22.14.0
[debug] [2025-05-13T22:14:14.353Z] Time:          Tue May 13 2025 18:14:14 GMT-0400 (Eastern Daylight Time)
[debug] [2025-05-13T22:14:14.353Z] ----------------------------------------------------------------------
[debug] 
[debug] [2025-05-13T22:14:14.356Z] > command requires scopes: ["email","openid","https://www.googleapis.com/auth/cloudplatformprojects.readonly","https://www.googleapis.com/auth/firebase","https://www.googleapis.com/auth/cloud-platform"]
[debug] [2025-05-13T22:14:14.357Z] > authorizing via signed-in user (andresfelipehung@gmail.com)
[info] 
     ######## #### ########  ######## ########     ###     ######  ########
     ##        ##  ##     ## ##       ##     ##  ##   ##  ##       ##
     ######    ##  ########  ######   ########  #########  ######  ######
     ##        ##  ##    ##  ##       ##     ## ##     ##       ## ##
     ##       #### ##     ## ######## ########  ##     ##  ######  ########

You're about to initialize a Firebase project in this directory:

  C:\Users\Andres\Desktop\stuff\projects\Expenser\client

[info] 
=== Project Setup
[info] 
[info] First, let's associate this project directory with a Firebase project.
[info] You can create multiple project aliases by running firebase use --add, 
[info] but for now we'll just set up a default project.
[info] 
[debug] [2025-05-13T22:14:45.313Z] ExitPromptError: User force closed the prompt with SIGINT
    at Interface.sigint (C:\Users\Andres\AppData\Roaming\npm\node_modules\firebase-tools\node_modules\@inquirer\core\dist\commonjs\lib\create-prompt.js:100:37)
    at Interface.emit (node:events:518:28)
    at Interface.emit (node:domain:489:12)
    at [_ttyWrite] [as _ttyWrite] (node:internal/readline/interface:1124:18)
    at ReadStream.onkeypress (node:internal/readline/interface:263:20)
    at ReadStream.emit (node:events:530:35)
    at ReadStream.emit (node:domain:489:12)
    at emitKeys (node:internal/readline/utils:370:14)
    at emitKeys.next (<anonymous>)
    at ReadStream.onData (node:internal/readline/emitKeypressEvents:64:36)
[error] 
[error] Error: An unexpected error has occurred.
